This is pdfTeX, Version 3.14159265-2.6-1.40.20 (TeX Live 2019) (preloaded format=latex 2020.2.7)  12 JUL 2020 19:56
entering extended mode
 restricted \write18 enabled.
 %&-line parsing enabled.
**\makeatletter\def\HCode{\futurelet\HCode\HChar}\def\HChar{\ifx"\HCode\def\HCo
de"##1"{\Link##1}\expandafter\HCode\else\expandafter\Link\fi}\def\Link#1.a.b.c.
{\g@addto@macro\@documentclasshook{\RequirePackage[#1,html]{tex4ht}}\let\HCode\
documentstyle\def\documentstyle{\let\documentstyle\HCode\expandafter\def\csname
 tex4ht\endcsname{#1,html}\def\HCode####1{\documentstyle[tex4ht,}\@ifnextchar[{
\HCode}{\documentstyle[tex4ht]}}}\makeatother\HCode xhtml,html5,charset=utf-8.a
.b.c.\input  PoissonDistribution.tex
(./PoissonDistribution.tex
(/usr/local/texlive/2019/texmf-dist/tex/latex/base/article.cls
Document Class: article 2018/09/03 v1.4i Standard LaTeX document class
(/usr/local/texlive/2019/texmf-dist/tex/latex/base/size10.clo
File: size10.clo 2018/09/03 v1.4i Standard LaTeX file (size option)
)
\c@part=\count80
\c@section=\count81
\c@subsection=\count82
\c@subsubsection=\count83
\c@paragraph=\count84
\c@subparagraph=\count85
\c@figure=\count86
\c@table=\count87
\abovecaptionskip=\skip41
\belowcaptionskip=\skip42
\bibindent=\dimen102
)
(/usr/local/texlive/2019/texmf-dist/tex/generic/tex4ht/tex4ht.sty
version 2019-03-18-15:24
Package: tex4ht 
--------------------------------------
--- Note --- for _ at preamble, use the command line option `early_'
--------------------------------------
--------------------------------------
--- Note --- for ^ at preamble, use the command line option `early^'
--------------------------------------
\tmp:toks=\toks14
)
(/usr/local/texlive/2019/texmf-dist/tex/generic/tex4ht/usepackage.4ht
version 2019-01-12-14:56
)
(/usr/local/texlive/2019/texmf-dist/tex/latex/amsmath/amsmath.sty
Package: amsmath 2018/12/01 v2.17b AMS math features
\@mathmargin=\skip43

For additional information on amsmath, use the `?' option.
(/usr/local/texlive/2019/texmf-dist/tex/latex/amsmath/amstext.sty
Package: amstext 2000/06/29 v2.01 AMS text

(/usr/local/texlive/2019/texmf-dist/tex/latex/amsmath/amsgen.sty
File: amsgen.sty 1999/11/30 v2.0 generic functions
\@emptytoks=\toks15
\ex@=\dimen103
))
(/usr/local/texlive/2019/texmf-dist/tex/latex/amsmath/amsbsy.sty
Package: amsbsy 1999/11/29 v1.2d Bold Symbols
\pmbraise@=\dimen104
)
(/usr/local/texlive/2019/texmf-dist/tex/latex/amsmath/amsopn.sty
Package: amsopn 2016/03/08 v2.02 operator names
)
\inf@bad=\count88
LaTeX Info: Redefining \frac on input line 223.
\uproot@=\count89
\leftroot@=\count90
LaTeX Info: Redefining \overline on input line 385.
\classnum@=\count91
\DOTSCASE@=\count92
LaTeX Info: Redefining \ldots on input line 482.
LaTeX Info: Redefining \dots on input line 485.
LaTeX Info: Redefining \cdots on input line 606.
\Mathstrutbox@=\box27
\strutbox@=\box28
\big@size=\dimen105
LaTeX Font Info:    Redeclaring font encoding OML on input line 729.
LaTeX Font Info:    Redeclaring font encoding OMS on input line 730.
\macc@depth=\count93
\c@MaxMatrixCols=\count94
\dotsspace@=\muskip10
\c@parentequation=\count95
\dspbrk@lvl=\count96
\tag@help=\toks16
\row@=\count97
\column@=\count98
\maxfields@=\count99
\andhelp@=\toks17
\eqnshift@=\dimen106
\alignsep@=\dimen107
\tagshift@=\dimen108
\tagwidth@=\dimen109
\totwidth@=\dimen110
\lineht@=\dimen111
\@envbody=\toks18
\multlinegap=\skip44
\multlinetaggap=\skip45
\mathdisplay@stack=\toks19
LaTeX Info: Redefining \[ on input line 2844.
LaTeX Info: Redefining \] on input line 2845.
)
(/usr/local/texlive/2019/texmf-dist/tex/latex/amsfonts/amssymb.sty
Package: amssymb 2013/01/14 v3.01 AMS font symbols

(/usr/local/texlive/2019/texmf-dist/tex/latex/amsfonts/amsfonts.sty
Package: amsfonts 2013/01/14 v3.01 Basic AMSFonts support
\symAMSa=\mathgroup4
\symAMSb=\mathgroup5
LaTeX Font Info:    Overwriting math alphabet `\mathfrak' in version `bold'
(Font)                  U/euf/m/n --> U/euf/b/n on input line 106.
))
(/usr/local/texlive/2019/texmf-dist/tex/latex/amscls/amsthm.sty
Package: amsthm 2017/10/31 v2.20.4
\thm@style=\toks20
\thm@bodyfont=\toks21
\thm@headfont=\toks22
\thm@notefont=\toks23
\thm@headpunct=\toks24
\thm@preskip=\skip46
\thm@postskip=\skip47
\thm@headsep=\skip48
\dth@everypar=\toks25
)
(/usr/local/texlive/2019/texmf-dist/tex/latex/enumitem/enumitem.sty
Package: enumitem 2019/02/04 v3.8 Customized lists
\enitkv@toks@=\toks26
\labelindent=\skip49
\enit@outerparindent=\dimen112
\enit@toks=\toks27
\enit@inbox=\box29
\enit@count@id=\count100
\enitdp@description=\count101
)
(/usr/local/texlive/2019/texmf-dist/tex/latex/tools/multicol.sty
Package: multicol 2018/12/27 v1.8v multicolumn formatting (FMi)
\c@tracingmulticols=\count102
\mult@box=\box30
\multicol@leftmargin=\dimen113
\c@unbalance=\count103
\c@collectmore=\count104
\doublecol@number=\count105
\multicoltolerance=\count106
\multicolpretolerance=\count107
\full@width=\dimen114
\page@free=\dimen115
\premulticols=\dimen116
\postmulticols=\dimen117
\multicolsep=\skip50
\multicolbaselineskip=\skip51
\partial@page=\box31
\last@line=\box32
\maxbalancingoverflow=\dimen118
\mult@rightbox=\box33
\mult@grightbox=\box34
\mult@gfirstbox=\box35
\mult@firstbox=\box36
\@tempa=\box37
\@tempa=\box38
\@tempa=\box39
\@tempa=\box40
\@tempa=\box41
\@tempa=\box42
\@tempa=\box43
\@tempa=\box44
\@tempa=\box45
\@tempa=\box46
\@tempa=\box47
\@tempa=\box48
\@tempa=\box49
\@tempa=\box50
\@tempa=\box51
\@tempa=\box52
\@tempa=\box53
\c@columnbadness=\count108
\c@finalcolumnbadness=\count109
\last@try=\dimen119
\multicolovershoot=\dimen120
\multicolundershoot=\dimen121
\mult@nat@firstbox=\box54
\colbreak@box=\box55
\mc@col@check@num=\count110
)
(/usr/local/texlive/2019/texmf-dist/tex/latex/graphics/color.sty
Package: color 2016/07/10 v1.1e Standard LaTeX Color (DPC)

(/usr/local/texlive/2019/texmf-dist/tex/latex/graphics-cfg/color.cfg
File: color.cfg 2016/01/02 v1.6 sample color configuration
)
Package color Info: Driver file: dvips.def on input line 147.

(/usr/local/texlive/2019/texmf-dist/tex/latex/graphics-def/dvips.def
File: dvips.def 2017/06/20 v3.1d Graphics/color driver for dvips
)
(/usr/local/texlive/2019/texmf-dist/tex/latex/graphics/dvipsnam.def
File: dvipsnam.def 2016/06/17 v3.0m Driver-dependent file (DPC,SPQR)
))
(/usr/local/texlive/2019/texmf-dist/tex/latex/soul/soul.sty
Package: soul 2003/11/17 v2.4 letterspacing/underlining (mf)
\SOUL@word=\toks28
\SOUL@lasttoken=\toks29
\SOUL@cmds=\toks30
\SOUL@buffer=\toks31
\SOUL@token=\toks32
\SOUL@spaceskip=\skip52
\SOUL@ttwidth=\dimen122
\SOUL@uldp=\dimen123
\SOUL@ulht=\dimen124
)
(/usr/local/texlive/2019/texmf-dist/tex/latex/geometry/geometry.sty
Package: geometry 2018/04/16 v5.8 Page Geometry

(/usr/local/texlive/2019/texmf-dist/tex/latex/graphics/keyval.sty
Package: keyval 2014/10/28 v1.15 key=value parser (DPC)
\KV@toks@=\toks33
)
(/usr/local/texlive/2019/texmf-dist/tex/generic/oberdiek/ifpdf.sty
Package: ifpdf 2018/09/07 v3.3 Provides the ifpdf switch
)
(/usr/local/texlive/2019/texmf-dist/tex/generic/oberdiek/ifvtex.sty
Package: ifvtex 2016/05/16 v1.6 Detect VTeX and its facilities (HO)
Package ifvtex Info: VTeX not detected.
)
(/usr/local/texlive/2019/texmf-dist/tex/generic/ifxetex/ifxetex.sty
Package: ifxetex 2010/09/12 v0.6 Provides ifxetex conditional
)
\Gm@cnth=\count111
\Gm@cntv=\count112
\c@Gm@tempcnt=\count113
\Gm@bindingoffset=\dimen125
\Gm@wd@mp=\dimen126
\Gm@odd@mp=\dimen127
\Gm@even@mp=\dimen128
\Gm@layoutwidth=\dimen129
\Gm@layoutheight=\dimen130
\Gm@layouthoffset=\dimen131
\Gm@layoutvoffset=\dimen132
\Gm@dimlist=\toks34
)
(/usr/local/texlive/2019/texmf-dist/tex/latex/base/inputenc.sty
Package: inputenc 2018/08/11 v1.3c Input encoding file
\inpenc@prehook=\toks35
\inpenc@posthook=\toks36
)
(/usr/local/texlive/2019/texmf-dist/tex/generic/babel/babel.sty
Package: babel 2019/05/04 3.31 The Babel package

(/usr/local/texlive/2019/texmf-dist/tex/generic/babel/switch.def
File: switch.def 2019/05/04 3.31 Babel switching mechanism
)
(/usr/local/texlive/2019/texmf-dist/tex/generic/babel-english/english.ldf
Language: english 2017/06/06 v3.3r English support from the babel system

(/usr/local/texlive/2019/texmf-dist/tex/generic/babel/babel.def
File: babel.def 2019/05/04 3.31 Babel common definitions
\babel@savecnt=\count114
\U@D=\dimen133

(/usr/local/texlive/2019/texmf-dist/tex/generic/babel/txtbabel.def)
\bbl@dirlevel=\count115
)
\l@canadian = a dialect from \language\l@american 
\l@australian = a dialect from \language\l@british 
\l@newzealand = a dialect from \language\l@british 
))
(/usr/local/texlive/2019/texmf-dist/tex/generic/tex4ht/tex4ht.4ht
version 2018-12-30-09:29
--------------------------------------
--- Note --- for additional information, use the command line option `info'
--------------------------------------

::::::::::::::::::::::::::::::::::::::::::
 TeX4ht info is available in the log file 
::::::::::::::::::::::::::::::::::::::::::
) (/usr/local/texlive/2019/texmf-dist/tex/generic/tex4ht/tex4ht.sty
version 2019-03-18-15:24

--- needs --- tex4ht PoissonDistribution ---
\tmp:cnt=\count116
\openout15 = `PoissonDistribution.tmp'.

(./PoissonDistribution.tmp)
\tmp:dim=\skip53
 (./PoissonDistribution.xref)
\:refout=\write3
\openout3 = `PoissonDistribution.xref'.


(/usr/local/texlive/2019/texmf-dist/tex/generic/tex4ht/html4.4ht
version 2019-04-05-15:56
--------------------------------------
--- Note --- to remove the <?xml version=...?> processing instruction use the c
ommand line option `no-VERSION'
--------------------------------------
--------------------------------------
--- Note --- to remove the DOCTYPE declaration use the command line option `no-
DOCTYPE'
--------------------------------------
)
(/usr/local/texlive/2019/texmf-dist/tex/generic/tex4ht/unicode.4ht
version 2018-09-02-14:29
)
(/usr/local/texlive/2019/texmf-dist/tex/generic/tex4ht/html4-math.4ht
version 2018-12-05-18:11
)
(/usr/local/texlive/2019/texmf-dist/tex/generic/tex4ht/html5.4ht
version 2019-03-15-15:44
)
--------------------------------------
--- Note --- for marking of the base font, use the command line option `fonts+'

--------------------------------------
--------------------------------------
--- Note --- for non active _, use the command line option `no_'
--------------------------------------
--------------------------------------
--- Note --- for _ of catcode 13, use the command line option `_13'
--------------------------------------
--------------------------------------
--- Note --- for non active ^, use the command line option `no^'
--------------------------------------
--------------------------------------
--- Note --- for ^ of catcode 13, use the command line option `^13'
--------------------------------------

(/usr/local/texlive/2019/texmf-dist/tex/generic/tex4ht/html4.4ht
version 2019-04-05-15:56
--------------------------------------
--- Note --- to ignore CSS font decoration, use the `NoFonts' command line opti
on
--------------------------------------
--------------------------------------
--- Note --- for jpg bitmaps of pictures, use the `jpg' command line option. (C
haracter bitmaps are controled only by `g' records of tex4ht.env and `-g' switc
hes of tex4ht.c) 
--------------------------------------
--------------------------------------
--- Note --- for gif bitmaps of pictures, use the `gif' command line option. (C
haracter bitmaps are controled only by `g' records of tex4ht.env and `-g' switc
hes of tex4ht.c) 
--------------------------------------
--------------------------------------
--- Note --- for content and toc in 2 frames, use the command line option `fram
es'
--------------------------------------
--------------------------------------
--- Note --- for content, toc, and footnotes in 3 frames, use the command line 
option `frames-fn'
--------------------------------------
--------------------------------------
--- Note --- for file extension name xht, use the command line option `xht'
--------------------------------------
TeX4ht package options: xhtml,html5,charset=utf-8,html
--------------------------------------
--- Note --- To print a timestamp, use the command line option timestamp
--------------------------------------
--------------------------------------
--- Note --- to ignore CSS code, use the command line option `-css
--------------------------------------
--------------------------------------
--- Note --- for inline CSS code, use the command line option `css-in'
--------------------------------------
--------------------------------------
--- Note --- for pop ups on mouse over, use the command line option `mouseover'

--------------------------------------
--------------------------------------
--- Note --- for addressing images in a subdirectory, use the command line opti
on `imgdir:.../'
--------------------------------------
)
(/usr/local/texlive/2019/texmf-dist/tex/generic/tex4ht/unicode.4ht
version 2018-09-02-14:29
)
(/usr/local/texlive/2019/texmf-dist/tex/generic/tex4ht/html4-math.4ht
version 2018-12-05-18:11
)
(/usr/local/texlive/2019/texmf-dist/tex/generic/tex4ht/html5.4ht
version 2019-03-15-15:44
--------------------------------------
--- Note --- To print a timestamp, use the command line option timestamp
--------------------------------------
)
\:tokwrite=\toks37
\:tokpage=\toks38
--------------------------------------
--- Note --- for back links to toc, use the command line option `sections+'
--------------------------------------
--------------------------------------
--- Note --- for linear crosslinks of pages, use the command line option `next'

--------------------------------------
\openout15 = `PoissonDistribution.4ct'.

\:tocout=\write4
\openout4 = `PoissonDistribution.4tc'.


(/usr/local/texlive/2019/texmf-dist/tex/generic/tex4ht/html4.4ht
version 2019-04-05-15:56
)
(/usr/local/texlive/2019/texmf-dist/tex/generic/tex4ht/unicode.4ht
version 2018-09-02-14:29
)
(/usr/local/texlive/2019/texmf-dist/tex/generic/tex4ht/html4-math.4ht
version 2018-12-05-18:11
)
(/usr/local/texlive/2019/texmf-dist/tex/generic/tex4ht/html5.4ht
version 2019-03-15-15:44
)
(/usr/local/texlive/2019/texmf-dist/tex/generic/tex4ht/latex.4ht
version 2018-12-05-15:46
LaTeX Info: Redefining \_ on input line 168.
--------------------------------------
--- Note --- for links into captions, instead of float heads, use the command l
ine option `refcaption'
--------------------------------------

(/usr/local/texlive/2019/texmf-dist/tex/generic/tex4ht/html4.4ht
version 2019-04-05-15:56
)
(/usr/local/texlive/2019/texmf-dist/tex/generic/tex4ht/unicode.4ht
version 2018-09-02-14:29
)
(/usr/local/texlive/2019/texmf-dist/tex/generic/tex4ht/html4-math.4ht
version 2018-12-05-18:11
)
(/usr/local/texlive/2019/texmf-dist/tex/generic/tex4ht/html5.4ht
version 2019-03-15-15:44
)
(/usr/local/texlive/2019/texmf-dist/tex/generic/tex4ht/html4.4ht
version 2019-04-05-15:56
--------------------------------------
--- Note --- For mini tocs immediately aftter the header use the command line o
ption `minitoc<'
--------------------------------------
--------------------------------------
--- Note --- for enumerated list elements with valued data, use the command lin
e option `enumerate+'
--------------------------------------
--------------------------------------
--- Note --- for enumerated list elements li's with value attributes, use the c
ommand line option `enumerate-'
--------------------------------------
--------------------------------------
--- Note --- for CSS2 code, use the command line option `css2'
--------------------------------------
--------------------------------------
--- Note --- for pictorial tabular, use the command line option `pic-tabular'
--------------------------------------
--------------------------------------
--- Note --- for bitmap fbox'es, use the command line option `pic-fbox'
--------------------------------------
--------------------------------------
--- Note --- for bitmap framebox'es, use the command line option `pic-framebox'

--------------------------------------
--------------------------------------
--- Note --- for inline footnotes use command line option `fn-in'
--------------------------------------
--------------------------------------
--- Note --- for tracing of latex font commands, use the command line option `f
onts'
--------------------------------------
--------------------------------------
--- Note --- for width specifications of tabular p entries, use the `p-width' c
ommand line option or a configuration similar to \Configure{HColWidth}{\HCode{ 
style="width:\HColWidth"}}
--------------------------------------
)
(/usr/local/texlive/2019/texmf-dist/tex/generic/tex4ht/unicode.4ht
version 2018-09-02-14:29
)
(/usr/local/texlive/2019/texmf-dist/tex/generic/tex4ht/html4-math.4ht
version 2018-12-05-18:11
--------------------------------------
--- Note --- for pictorial eqnarray, use the command line option `pic-eqnarray'

--------------------------------------
--------------------------------------
--- Note --- for pictorial array, use the command line option `pic-array'
--------------------------------------
--------------------------------------
--- Note --- for pictorial $...$ environments, use the command line option `pic
-m' (not recommended!!)
--------------------------------------
--------------------------------------
--- Note --- for pictorial $...$ and $$...$$ environments with latex alt, use t
he command line option `pic-m+' (not safe!!)
--------------------------------------
--------------------------------------
--- Note --- for pictorial array, use the command line option `pic-array'
--------------------------------------
)
(/usr/local/texlive/2019/texmf-dist/tex/generic/tex4ht/html5.4ht
version 2019-03-15-15:44
))
(/usr/local/texlive/2019/texmf-dist/tex/generic/tex4ht/fontmath.4ht
version 2018-11-06-15:55

(/usr/local/texlive/2019/texmf-dist/tex/generic/tex4ht/html4.4ht
version 2019-04-05-15:56
)
(/usr/local/texlive/2019/texmf-dist/tex/generic/tex4ht/unicode.4ht
version 2018-09-02-14:29
)
(/usr/local/texlive/2019/texmf-dist/tex/generic/tex4ht/html4-math.4ht
version 2018-12-05-18:11
)
(/usr/local/texlive/2019/texmf-dist/tex/generic/tex4ht/html5.4ht
version 2019-03-15-15:44
))
(/usr/local/texlive/2019/texmf-dist/tex/generic/tex4ht/article.4ht
(/usr/local/texlive/2019/texmf-dist/tex/generic/tex4ht/html4.4ht
version 2019-04-05-15:56
--------------------------------------
--- Note --- for automatic sectioning pagination, use the command line option `
1', `2', `3', '4', '5', '6', or '7'
--------------------------------------
--------------------------------------
--- Note --- for files named derived from section titles, use the command line 
option `sec-filename'
--------------------------------------
--------------------------------------
--- Note --- for i-columns index, use the command line option `index=i' (e.g., 
index=2)
--------------------------------------
)
(/usr/local/texlive/2019/texmf-dist/tex/generic/tex4ht/unicode.4ht
version 2018-09-02-14:29
)
(/usr/local/texlive/2019/texmf-dist/tex/generic/tex4ht/html4-math.4ht
version 2018-12-05-18:11
)
(/usr/local/texlive/2019/texmf-dist/tex/generic/tex4ht/html5.4ht
version 2019-03-15-15:44
))
(/usr/local/texlive/2019/texmf-dist/tex/generic/tex4ht/amsmath.4ht
version 2019-01-24-14:21
\tmp:muskip=\muskip11

(/usr/local/texlive/2019/texmf-dist/tex/generic/tex4ht/html4.4ht
version 2019-04-05-15:56
)
(/usr/local/texlive/2019/texmf-dist/tex/generic/tex4ht/unicode.4ht
version 2018-09-02-14:29
)
(/usr/local/texlive/2019/texmf-dist/tex/generic/tex4ht/html4-math.4ht
version 2018-12-05-18:11
)
(/usr/local/texlive/2019/texmf-dist/tex/generic/tex4ht/html5.4ht
version 2019-03-15-15:44
))
(/usr/local/texlive/2019/texmf-dist/tex/generic/tex4ht/amstext.4ht
version 2009-05-21-09:32

(/usr/local/texlive/2019/texmf-dist/tex/generic/tex4ht/html4.4ht
version 2019-04-05-15:56
)
(/usr/local/texlive/2019/texmf-dist/tex/generic/tex4ht/unicode.4ht
version 2018-09-02-14:29
)
(/usr/local/texlive/2019/texmf-dist/tex/generic/tex4ht/html4-math.4ht
version 2018-12-05-18:11
)
(/usr/local/texlive/2019/texmf-dist/tex/generic/tex4ht/html5.4ht
version 2019-03-15-15:44
))
(/usr/local/texlive/2019/texmf-dist/tex/generic/tex4ht/amsbsy.4ht
version 2009-05-21-09:32

(/usr/local/texlive/2019/texmf-dist/tex/generic/tex4ht/html4.4ht
version 2019-04-05-15:56
)
(/usr/local/texlive/2019/texmf-dist/tex/generic/tex4ht/unicode.4ht
version 2018-09-02-14:29
)
(/usr/local/texlive/2019/texmf-dist/tex/generic/tex4ht/html4-math.4ht
version 2018-12-05-18:11
)
(/usr/local/texlive/2019/texmf-dist/tex/generic/tex4ht/html5.4ht
version 2019-03-15-15:44
))
(/usr/local/texlive/2019/texmf-dist/tex/generic/tex4ht/amsopn.4ht
version 2009-05-21-09:32

(/usr/local/texlive/2019/texmf-dist/tex/generic/tex4ht/html4.4ht
version 2019-04-05-15:56
)
(/usr/local/texlive/2019/texmf-dist/tex/generic/tex4ht/unicode.4ht
version 2018-09-02-14:29
)
(/usr/local/texlive/2019/texmf-dist/tex/generic/tex4ht/html4-math.4ht
version 2018-12-05-18:11
)
(/usr/local/texlive/2019/texmf-dist/tex/generic/tex4ht/html5.4ht
version 2019-03-15-15:44
))
(/usr/local/texlive/2019/texmf-dist/tex/generic/tex4ht/amssymb.4ht
version 2009-05-21-09:32

(/usr/local/texlive/2019/texmf-dist/tex/generic/tex4ht/html4.4ht
version 2019-04-05-15:56
)
(/usr/local/texlive/2019/texmf-dist/tex/generic/tex4ht/unicode.4ht
version 2018-09-02-14:29
)
(/usr/local/texlive/2019/texmf-dist/tex/generic/tex4ht/html4-math.4ht
version 2018-12-05-18:11
)
(/usr/local/texlive/2019/texmf-dist/tex/generic/tex4ht/html5.4ht
version 2019-03-15-15:44
))
(/usr/local/texlive/2019/texmf-dist/tex/generic/tex4ht/amsfonts.4ht
version 2009-05-21-09:32

(/usr/local/texlive/2019/texmf-dist/tex/generic/tex4ht/html4.4ht
version 2019-04-05-15:56
)
(/usr/local/texlive/2019/texmf-dist/tex/generic/tex4ht/unicode.4ht
version 2018-09-02-14:29
)
(/usr/local/texlive/2019/texmf-dist/tex/generic/tex4ht/html4-math.4ht
version 2018-12-05-18:11
)
(/usr/local/texlive/2019/texmf-dist/tex/generic/tex4ht/html5.4ht
version 2019-03-15-15:44
))
(/usr/local/texlive/2019/texmf-dist/tex/generic/tex4ht/amsthm.4ht
version 2009-05-21-09:32

(/usr/local/texlive/2019/texmf-dist/tex/generic/tex4ht/html4.4ht
version 2019-04-05-15:56
)
(/usr/local/texlive/2019/texmf-dist/tex/generic/tex4ht/unicode.4ht
version 2018-09-02-14:29
)
(/usr/local/texlive/2019/texmf-dist/tex/generic/tex4ht/html4-math.4ht
version 2018-12-05-18:11
)
(/usr/local/texlive/2019/texmf-dist/tex/generic/tex4ht/html5.4ht
version 2019-03-15-15:44
))
(/usr/local/texlive/2019/texmf-dist/tex/generic/tex4ht/enumitem.4ht
version 2009-05-21-09:32

(/usr/local/texlive/2019/texmf-dist/tex/generic/tex4ht/html4.4ht
version 2019-04-05-15:56
)
(/usr/local/texlive/2019/texmf-dist/tex/generic/tex4ht/unicode.4ht
version 2018-09-02-14:29
)
(/usr/local/texlive/2019/texmf-dist/tex/generic/tex4ht/html4-math.4ht
version 2018-12-05-18:11
)
(/usr/local/texlive/2019/texmf-dist/tex/generic/tex4ht/html5.4ht
version 2019-03-15-15:44
))
(/usr/local/texlive/2019/texmf-dist/tex/generic/tex4ht/multicol.4ht
version 2013-07-31-09:45

(/usr/local/texlive/2019/texmf-dist/tex/generic/tex4ht/html4.4ht
version 2019-04-05-15:56
)
(/usr/local/texlive/2019/texmf-dist/tex/generic/tex4ht/unicode.4ht
version 2018-09-02-14:29
)
(/usr/local/texlive/2019/texmf-dist/tex/generic/tex4ht/html4-math.4ht
version 2018-12-05-18:11
)
(/usr/local/texlive/2019/texmf-dist/tex/generic/tex4ht/html5.4ht
version 2019-03-15-15:44
))
(/usr/local/texlive/2019/texmf-dist/tex/generic/tex4ht/color.4ht
(/usr/local/texlive/2019/texmf-dist/tex/generic/tex4ht/html4.4ht
version 2019-04-05-15:56
)
(/usr/local/texlive/2019/texmf-dist/tex/generic/tex4ht/unicode.4ht
version 2018-09-02-14:29
)
(/usr/local/texlive/2019/texmf-dist/tex/generic/tex4ht/html4-math.4ht
version 2018-12-05-18:11
)
(/usr/local/texlive/2019/texmf-dist/tex/generic/tex4ht/html5.4ht
version 2019-03-15-15:44
))
(/usr/local/texlive/2019/texmf-dist/tex/generic/tex4ht/dvips.4ht
version 2009-05-21-09:32

(/usr/local/texlive/2019/texmf-dist/tex/generic/tex4ht/html4.4ht
version 2019-04-05-15:56
)
(/usr/local/texlive/2019/texmf-dist/tex/generic/tex4ht/unicode.4ht
version 2018-09-02-14:29
)
(/usr/local/texlive/2019/texmf-dist/tex/generic/tex4ht/html4-math.4ht
version 2018-12-05-18:11
)
(/usr/local/texlive/2019/texmf-dist/tex/generic/tex4ht/html5.4ht
version 2019-03-15-15:44
))
(/usr/local/texlive/2019/texmf-dist/tex/generic/tex4ht/dvipsnam.4ht
version 2009-05-21-09:32

(/usr/local/texlive/2019/texmf-dist/tex/latex/graphics/dvipsnam.def)
(/usr/local/texlive/2019/texmf-dist/tex/generic/tex4ht/html4.4ht
version 2019-04-05-15:56
)
(/usr/local/texlive/2019/texmf-dist/tex/generic/tex4ht/unicode.4ht
version 2018-09-02-14:29
)
(/usr/local/texlive/2019/texmf-dist/tex/generic/tex4ht/html4-math.4ht
version 2018-12-05-18:11
)
(/usr/local/texlive/2019/texmf-dist/tex/generic/tex4ht/html5.4ht
version 2019-03-15-15:44
))
(/usr/local/texlive/2019/texmf-dist/tex/generic/tex4ht/soul.4ht
version 2009-05-21-09:32

(/usr/local/texlive/2019/texmf-dist/tex/generic/tex4ht/html4.4ht
version 2019-04-05-15:56
)
(/usr/local/texlive/2019/texmf-dist/tex/generic/tex4ht/unicode.4ht
version 2018-09-02-14:29
)
(/usr/local/texlive/2019/texmf-dist/tex/generic/tex4ht/html4-math.4ht
version 2018-12-05-18:11
)
(/usr/local/texlive/2019/texmf-dist/tex/generic/tex4ht/html5.4ht
version 2019-03-15-15:44
))
(/usr/local/texlive/2019/texmf-dist/tex/generic/tex4ht/geometry.4ht
version 2016-07-01-08:55

(/usr/local/texlive/2019/texmf-dist/tex/generic/tex4ht/html4.4ht
version 2019-04-05-15:56
)
(/usr/local/texlive/2019/texmf-dist/tex/generic/tex4ht/unicode.4ht
version 2018-09-02-14:29
)
(/usr/local/texlive/2019/texmf-dist/tex/generic/tex4ht/html4-math.4ht
version 2018-12-05-18:11
)
(/usr/local/texlive/2019/texmf-dist/tex/generic/tex4ht/html5.4ht
version 2019-03-15-15:44
))
(/usr/local/texlive/2019/texmf-dist/tex/generic/tex4ht/inputenc.4ht
version 2009-05-21-09:32

(/usr/local/texlive/2019/texmf-dist/tex/generic/tex4ht/html4.4ht
version 2019-04-05-15:56
)
(/usr/local/texlive/2019/texmf-dist/tex/generic/tex4ht/unicode.4ht
version 2018-09-02-14:29
)
(/usr/local/texlive/2019/texmf-dist/tex/generic/tex4ht/html4-math.4ht
version 2018-12-05-18:11
)
(/usr/local/texlive/2019/texmf-dist/tex/generic/tex4ht/html5.4ht
version 2019-03-15-15:44
))
(/usr/local/texlive/2019/texmf-dist/tex/generic/tex4ht/babel.4ht
version 2009-05-21-09:32

(/usr/local/texlive/2019/texmf-dist/tex/generic/tex4ht/html4.4ht
version 2019-04-05-15:56
)
(/usr/local/texlive/2019/texmf-dist/tex/generic/tex4ht/unicode.4ht
version 2018-09-02-14:29
)
(/usr/local/texlive/2019/texmf-dist/tex/generic/tex4ht/html4-math.4ht
version 2018-12-05-18:11
)
(/usr/local/texlive/2019/texmf-dist/tex/generic/tex4ht/html5.4ht
version 2019-03-15-15:44
))
(/usr/local/texlive/2019/texmf-dist/tex/generic/tex4ht/english.4ht
version 2009-05-21-09:32

(/usr/local/texlive/2019/texmf-dist/tex/generic/tex4ht/html4.4ht
version 2019-04-05-15:56
)
(/usr/local/texlive/2019/texmf-dist/tex/generic/tex4ht/unicode.4ht
version 2018-09-02-14:29
)
(/usr/local/texlive/2019/texmf-dist/tex/generic/tex4ht/html4-math.4ht
version 2018-12-05-18:11
)
(/usr/local/texlive/2019/texmf-dist/tex/generic/tex4ht/html5.4ht
version 2019-03-15-15:44
))
(/usr/local/texlive/2019/texmf-dist/tex/generic/tex4ht/html4.4ht
version 2019-04-05-15:56
)
(/usr/local/texlive/2019/texmf-dist/tex/generic/tex4ht/unicode.4ht
version 2018-09-02-14:29
)
(/usr/local/texlive/2019/texmf-dist/tex/generic/tex4ht/html4-math.4ht
version 2018-12-05-18:11
)
(/usr/local/texlive/2019/texmf-dist/tex/generic/tex4ht/html5.4ht
version 2019-03-15-15:44
))
(./PoissonDistribution.aux)
\openout1 = `PoissonDistribution.aux'.

LaTeX Font Info:    Checking defaults for OML/cmm/m/it on input line 21.
LaTeX Font Info:    ... okay on input line 21.
LaTeX Font Info:    Checking defaults for T1/cmr/m/n on input line 21.
LaTeX Font Info:    ... okay on input line 21.
LaTeX Font Info:    Checking defaults for OT1/cmr/m/n on input line 21.
LaTeX Font Info:    ... okay on input line 21.
LaTeX Font Info:    Checking defaults for OMS/cmsy/m/n on input line 21.
LaTeX Font Info:    ... okay on input line 21.
LaTeX Font Info:    Checking defaults for OMX/cmex/m/n on input line 21.
LaTeX Font Info:    ... okay on input line 21.
LaTeX Font Info:    Checking defaults for U/cmr/m/n on input line 21.
LaTeX Font Info:    ... okay on input line 21.

*geometry* driver: auto-detecting
*geometry* detected driver: dvips
*geometry* verbose mode - [ preamble ] result:
* driver: dvips
* paper: a4paper
* layout: <same size as paper>
* layoutoffset:(h,v)=(0.0pt,0.0pt)
* modes: 
* h-part:(L,W,R)=(59.74988pt, 478.00812pt, 59.74988pt)
* v-part:(T,H,B)=(67.60269pt, 676.04005pt, 101.4041pt)
* \paperwidth=597.50787pt
* \paperheight=845.04684pt
* \textwidth=478.00812pt
* \textheight=676.04005pt
* \oddsidemargin=0.0pt
* \evensidemargin=0.0pt
* \topmargin=-41.6673pt
* \headheight=12.0pt
* \headsep=25.0pt
* \topskip=10.0pt
* \footskip=30.0pt
* \marginparwidth=65.0pt
* \marginparsep=11.0pt
* \columnsep=10.0pt
* \skip\footins=9.0pt plus 4.0pt minus 2.0pt
* \hoffset=0.0pt
* \voffset=0.0pt
* \mag=1000
* \@twocolumnfalse
* \@twosidefalse
* \@mparswitchfalse
* \@reversemarginfalse
* (1in=72.27pt=25.4mm, 1cm=28.453pt)

--- file PoissonDistribution.css ---
[1

] [2]
LaTeX Font Info:    Try loading font information for U+msa on input line 23.
 (/usr/local/texlive/2019/texmf-dist/tex/latex/amsfonts/umsa.fd
File: umsa.fd 2013/01/14 v3.01 AMS symbols A
)
LaTeX Font Info:    Try loading font information for U+msb on input line 23.

(/usr/local/texlive/2019/texmf-dist/tex/latex/amsfonts/umsb.fd
File: umsb.fd 2013/01/14 v3.01 AMS symbols B
)
l. 30 Writing PoissonDistribution.idv[1] (PoissonDistribution0x.png)


Package amsmath Warning: Foreign command \atopwithdelims;
(amsmath)                \frac or \genfrac should be used instead
(amsmath)                 on input line 31.

l. 37 Writing PoissonDistribution.idv[2] (PoissonDistribution1x.png)
[3]
l. 38 Writing PoissonDistribution.idv[3] (PoissonDistribution2x.png)
l. 46 Writing PoissonDistribution.idv[4] (PoissonDistribution3x.png)
l. 53 Writing PoissonDistribution.idv[5] (PoissonDistribution4x.png)
l. 60 Writing PoissonDistribution.idv[6] (PoissonDistribution5x.png)
 [4]
l. 67 Writing PoissonDistribution.idv[7] (PoissonDistribution6x.png)
l. 74 Writing PoissonDistribution.idv[8] (PoissonDistribution7x.png)
 [5] (./PoissonDistribution.aux) ) 
Here is how much of TeX's memory you used:
 7607 strings out of 492617
 100666 string characters out of 6129508
 313633 words of memory out of 5000000
 11232 multiletter control sequences out of 15000+600000
 10942 words of font info for 43 fonts, out of 8000000 for 9000
 1141 hyphenation exceptions out of 8191
 30i,6n,33p,1348b,508s stack positions out of 5000i,500n,10000p,200000b,80000s

Output written on PoissonDistribution.dvi (5 pages, 21700 bytes).
