This is pdfTeX, Version 3.14159265-2.6-1.40.21 (TeX Live 2020) (preloaded format=latex 2021.2.1)  20 MAR 2021 15:48
entering extended mode
 restricted \write18 enabled.
 %&-line parsing enabled.
**\makeatletter\def\HCode{\futurelet\HCode\HChar}\def\HChar{\ifx"\HCode\def\HCo
de"##1"{\Link##1}\expandafter\HCode\else\expandafter\Link\fi}\def\Link#1.a.b.c.
{\g@addto@macro\@documentclasshook{\RequirePackage[#1,html]{tex4ht}}\let\HCode\
documentstyle\def\documentstyle{\let\documentstyle\HCode\expandafter\def\csname
 tex4ht\endcsname{#1,html}\def\HCode####1{\documentstyle[tex4ht,}\@ifnextchar[{
\HCode}{\documentstyle[tex4ht]}}}\makeatother\HCode xhtml,html5,charset=utf-8.a
.b.c.\input  Gradient_Descent.tex
 (./Gradient_Descent.tex
(/usr/local/texlive/2020/texmf-dist/tex/latex/base/article.cls
Document Class: article 2019/12/20 v1.4l Standard LaTeX document class
(/usr/local/texlive/2020/texmf-dist/tex/latex/base/size10.clo
File: size10.clo 2019/12/20 v1.4l Standard LaTeX file (size option)
)
\c@part=\count167
\c@section=\count168
\c@subsection=\count169
\c@subsubsection=\count170
\c@paragraph=\count171
\c@subparagraph=\count172
\c@figure=\count173
\c@table=\count174
\abovecaptionskip=\skip47
\belowcaptionskip=\skip48
\bibindent=\dimen134
)
(/usr/local/texlive/2020/texmf-dist/tex/generic/tex4ht/tex4ht.sty
version 2020-02-18-14:17
Package: tex4ht 
--------------------------------------
--- Note --- for _ at preamble, use the command line option `early_'
--------------------------------------
--------------------------------------
--- Note --- for ^ at preamble, use the command line option `early^'
--------------------------------------
\tmp:toks=\toks15
)
(/usr/local/texlive/2020/texmf-dist/tex/generic/tex4ht/usepackage.4ht
version 2020-03-12-14:03
)
(/usr/local/texlive/2020/texmf-dist/tex/latex/amsmath/amsmath.sty
Package: amsmath 2020/01/20 v2.17e AMS math features
\@mathmargin=\skip49

For additional information on amsmath, use the `?' option.
(/usr/local/texlive/2020/texmf-dist/tex/latex/amsmath/amstext.sty
Package: amstext 2000/06/29 v2.01 AMS text

(/usr/local/texlive/2020/texmf-dist/tex/latex/amsmath/amsgen.sty
File: amsgen.sty 1999/11/30 v2.0 generic functions
\@emptytoks=\toks16
\ex@=\dimen135
))
(/usr/local/texlive/2020/texmf-dist/tex/latex/amsmath/amsbsy.sty
Package: amsbsy 1999/11/29 v1.2d Bold Symbols
\pmbraise@=\dimen136
)
(/usr/local/texlive/2020/texmf-dist/tex/latex/amsmath/amsopn.sty
Package: amsopn 2016/03/08 v2.02 operator names
)
\inf@bad=\count175
LaTeX Info: Redefining \frac on input line 227.
\uproot@=\count176
\leftroot@=\count177
LaTeX Info: Redefining \overline on input line 389.
\classnum@=\count178
\DOTSCASE@=\count179
LaTeX Info: Redefining \ldots on input line 486.
LaTeX Info: Redefining \dots on input line 489.
LaTeX Info: Redefining \cdots on input line 610.
\Mathstrutbox@=\box45
\strutbox@=\box46
\big@size=\dimen137
LaTeX Font Info:    Redeclaring font encoding OML on input line 733.
LaTeX Font Info:    Redeclaring font encoding OMS on input line 734.
\macc@depth=\count180
\c@MaxMatrixCols=\count181
\dotsspace@=\muskip16
\c@parentequation=\count182
\dspbrk@lvl=\count183
\tag@help=\toks17
\row@=\count184
\column@=\count185
\maxfields@=\count186
\andhelp@=\toks18
\eqnshift@=\dimen138
\alignsep@=\dimen139
\tagshift@=\dimen140
\tagwidth@=\dimen141
\totwidth@=\dimen142
\lineht@=\dimen143
\@envbody=\toks19
\multlinegap=\skip50
\multlinetaggap=\skip51
\mathdisplay@stack=\toks20
LaTeX Info: Redefining \[ on input line 2859.
LaTeX Info: Redefining \] on input line 2860.
)
(/usr/local/texlive/2020/texmf-dist/tex/latex/amsfonts/amssymb.sty
Package: amssymb 2013/01/14 v3.01 AMS font symbols

(/usr/local/texlive/2020/texmf-dist/tex/latex/amsfonts/amsfonts.sty
Package: amsfonts 2013/01/14 v3.01 Basic AMSFonts support
\symAMSa=\mathgroup4
\symAMSb=\mathgroup5
LaTeX Font Info:    Redeclaring math symbol \hbar on input line 98.
LaTeX Font Info:    Overwriting math alphabet `\mathfrak' in version `bold'
(Font)                  U/euf/m/n --> U/euf/b/n on input line 106.
))
(/usr/local/texlive/2020/texmf-dist/tex/latex/amscls/amsthm.sty
Package: amsthm 2017/10/31 v2.20.4
\thm@style=\toks21
\thm@bodyfont=\toks22
\thm@headfont=\toks23
\thm@notefont=\toks24
\thm@headpunct=\toks25
\thm@preskip=\skip52
\thm@postskip=\skip53
\thm@headsep=\skip54
\dth@everypar=\toks26
)
(/usr/local/texlive/2020/texmf-dist/tex/latex/enumitem/enumitem.sty
Package: enumitem 2019/06/20 v3.9 Customized lists
\enitkv@toks@=\toks27
\labelindent=\skip55
\enit@outerparindent=\dimen144
\enit@toks=\toks28
\enit@inbox=\box47
\enit@count@id=\count187
\enitdp@description=\count188
)
(/usr/local/texlive/2020/texmf-dist/tex/latex/tools/multicol.sty
Package: multicol 2019/12/09 v1.8y multicolumn formatting (FMi)
\c@tracingmulticols=\count189
\mult@box=\box48
\multicol@leftmargin=\dimen145
\c@unbalance=\count190
\c@collectmore=\count191
\doublecol@number=\count192
\multicoltolerance=\count193
\multicolpretolerance=\count194
\full@width=\dimen146
\page@free=\dimen147
\premulticols=\dimen148
\postmulticols=\dimen149
\multicolsep=\skip56
\multicolbaselineskip=\skip57
\partial@page=\box49
\last@line=\box50
\maxbalancingoverflow=\dimen150
\mult@rightbox=\box51
\mult@grightbox=\box52
\mult@gfirstbox=\box53
\mult@firstbox=\box54
\@tempa=\box55
\@tempa=\box56
\@tempa=\box57
\@tempa=\box58
\@tempa=\box59
\@tempa=\box60
\@tempa=\box61
\@tempa=\box62
\@tempa=\box63
\@tempa=\box64
\@tempa=\box65
\@tempa=\box66
\@tempa=\box67
\@tempa=\box68
\@tempa=\box69
\@tempa=\box70
\@tempa=\box71
\@tempa=\box72
\@tempa=\box73
\@tempa=\box74
\@tempa=\box75
\@tempa=\box76
\@tempa=\box77
\@tempa=\box78
\@tempa=\box79
\@tempa=\box80
\@tempa=\box81
\@tempa=\box82
\@tempa=\box83
\@tempa=\box84
\@tempa=\box85
\@tempa=\box86
\@tempa=\box87
\@tempa=\box88
\@tempa=\box89
\@tempa=\box90
\@tempa=\box91
\c@minrows=\count195
\c@columnbadness=\count196
\c@finalcolumnbadness=\count197
\last@try=\dimen151
\multicolovershoot=\dimen152
\multicolundershoot=\dimen153
\mult@nat@firstbox=\box92
\colbreak@box=\box93
\mc@col@check@num=\count198
)
(/usr/local/texlive/2020/texmf-dist/tex/latex/graphics/color.sty
Package: color 2019/11/23 v1.2a Standard LaTeX Color (DPC)

(/usr/local/texlive/2020/texmf-dist/tex/latex/graphics-cfg/color.cfg
File: color.cfg 2016/01/02 v1.6 sample color configuration
)
Package color Info: Driver file: dvips.def on input line 147.

(/usr/local/texlive/2020/texmf-dist/tex/latex/graphics-def/dvips.def
File: dvips.def 2017/06/20 v3.1d Graphics/color driver for dvips
)
(/usr/local/texlive/2020/texmf-dist/tex/latex/graphics/dvipsnam.def
File: dvipsnam.def 2016/06/17 v3.0m Driver-dependent file (DPC,SPQR)
))
(/usr/local/texlive/2020/texmf-dist/tex/latex/soul/soul.sty
Package: soul 2003/11/17 v2.4 letterspacing/underlining (mf)
\SOUL@word=\toks29
\SOUL@lasttoken=\toks30
\SOUL@cmds=\toks31
\SOUL@buffer=\toks32
\SOUL@token=\toks33
\SOUL@spaceskip=\skip58
\SOUL@ttwidth=\dimen154
\SOUL@uldp=\dimen155
\SOUL@ulht=\dimen156
)
(/usr/local/texlive/2020/texmf-dist/tex/latex/geometry/geometry.sty
Package: geometry 2020/01/02 v5.9 Page Geometry

(/usr/local/texlive/2020/texmf-dist/tex/latex/graphics/keyval.sty
Package: keyval 2014/10/28 v1.15 key=value parser (DPC)
\KV@toks@=\toks34
)
(/usr/local/texlive/2020/texmf-dist/tex/generic/iftex/ifvtex.sty
Package: ifvtex 2019/10/25 v1.7 ifvtex legacy package. Use iftex instead.

(/usr/local/texlive/2020/texmf-dist/tex/generic/iftex/iftex.sty
Package: iftex 2020/03/06 v1.0d TeX engine tests
))
\Gm@cnth=\count199
\Gm@cntv=\count266
\c@Gm@tempcnt=\count267
\Gm@bindingoffset=\dimen157
\Gm@wd@mp=\dimen158
\Gm@odd@mp=\dimen159
\Gm@even@mp=\dimen160
\Gm@layoutwidth=\dimen161
\Gm@layoutheight=\dimen162
\Gm@layouthoffset=\dimen163
\Gm@layoutvoffset=\dimen164
\Gm@dimlist=\toks35
)
(/usr/local/texlive/2020/texmf-dist/tex/latex/base/inputenc.sty
Package: inputenc 2018/08/11 v1.3c Input encoding file
\inpenc@prehook=\toks36
\inpenc@posthook=\toks37
)
(/usr/local/texlive/2020/texmf-dist/tex/generic/babel/babel.sty
Package: babel 2020/03/22 3.42 The Babel package

(/usr/local/texlive/2020/texmf-dist/tex/generic/babel/switch.def
File: switch.def 2020/03/22 3.42 Babel switching mechanism
)
(/usr/local/texlive/2020/texmf-dist/tex/generic/babel-english/english.ldf
Language: english 2017/06/06 v3.3r English support from the babel system

(/usr/local/texlive/2020/texmf-dist/tex/generic/babel/babel.def
File: babel.def 2020/03/22 3.42 Babel common definitions
\babel@savecnt=\count268
\U@D=\dimen165

(/usr/local/texlive/2020/texmf-dist/tex/generic/babel/txtbabel.def)
\bbl@readstream=\read2
\bbl@dirlevel=\count269
)
Package babel Info: \l@canadian = using hyphenrules for english
(babel)             (\language0) on input line 102.
Package babel Info: \l@australian = using hyphenrules for ukenglish
(babel)             (\language21) on input line 105.
Package babel Info: \l@newzealand = using hyphenrules for ukenglish
(babel)             (\language21) on input line 108.
))
(/usr/local/texlive/2020/texmf-dist/tex/generic/tex4ht/tex4ht.4ht
version 2020-03-12-14:03
--------------------------------------
--- Note --- for additional information, use the command line option `info'
--------------------------------------

::::::::::::::::::::::::::::::::::::::::::
 TeX4ht info is available in the log file 
::::::::::::::::::::::::::::::::::::::::::
) (/usr/local/texlive/2020/texmf-dist/tex/generic/tex4ht/tex4ht.sty
version 2020-02-18-14:17

--- needs --- tex4ht Gradient_Descent ---
\tmp:cnt=\count270
\openout15 = `Gradient_Descent.tmp'.

(./Gradient_Descent.tmp)
\tmp:dim=\skip59
 (./Gradient_Descent.xref)
\:refout=\write3
\openout3 = `Gradient_Descent.xref'.


(/usr/local/texlive/2020/texmf-dist/tex/generic/tex4ht/html4.4ht
version 2020-03-16-10:43
--------------------------------------
--- Note --- to remove the <?xml version=...?> processing instruction use the c
ommand line option `no-VERSION'
--------------------------------------
--------------------------------------
--- Note --- to remove the DOCTYPE declaration use the command line option `no-
DOCTYPE'
--------------------------------------
)
(/usr/local/texlive/2020/texmf-dist/tex/generic/tex4ht/unicode.4ht
version 2019-12-28-14:40
)
(/usr/local/texlive/2020/texmf-dist/tex/generic/tex4ht/html4-math.4ht
version 2020-03-06-15:07
)
(/usr/local/texlive/2020/texmf-dist/tex/generic/tex4ht/html5.4ht
version 2019-11-21-13:36
)
--------------------------------------
--- Note --- for marking of the base font, use the command line option `fonts+'

--------------------------------------
--------------------------------------
--- Note --- for non active _, use the command line option `no_'
--------------------------------------
--------------------------------------
--- Note --- for _ of catcode 13, use the command line option `_13'
--------------------------------------
--------------------------------------
--- Note --- for non active ^, use the command line option `no^'
--------------------------------------
--------------------------------------
--- Note --- for ^ of catcode 13, use the command line option `^13'
--------------------------------------

(/usr/local/texlive/2020/texmf-dist/tex/generic/tex4ht/html4.4ht
version 2020-03-16-10:43
--------------------------------------
--- Note --- to ignore CSS font decoration, use the `NoFonts' command line opti
on
--------------------------------------
--------------------------------------
--- Note --- for jpg bitmaps of pictures, use the `jpg' command line option. (C
haracter bitmaps are controled only by `g' records of tex4ht.env and `-g' switc
hes of tex4ht.c) 
--------------------------------------
--------------------------------------
--- Note --- for gif bitmaps of pictures, use the `gif' command line option. (C
haracter bitmaps are controled only by `g' records of tex4ht.env and `-g' switc
hes of tex4ht.c) 
--------------------------------------
--------------------------------------
--- Note --- for content and toc in 2 frames, use the command line option `fram
es'
--------------------------------------
--------------------------------------
--- Note --- for content, toc, and footnotes in 3 frames, use the command line 
option `frames-fn'
--------------------------------------
--------------------------------------
--- Note --- for file extension name xht, use the command line option `xht'
--------------------------------------
TeX4ht package options: xhtml,html5,charset=utf-8,html
--------------------------------------
--- Note --- To print a timestamp, use the command line option timestamp
--------------------------------------
--------------------------------------
--- Note --- to ignore CSS code, use the command line option `-css
--------------------------------------
--------------------------------------
--- Note --- for inline CSS code, use the command line option `css-in'
--------------------------------------
--------------------------------------
--- Note --- for pop ups on mouse over, use the command line option `mouseover'

--------------------------------------
--------------------------------------
--- Note --- for addressing images in a subdirectory, use the command line opti
on `imgdir:.../'
--------------------------------------
)
(/usr/local/texlive/2020/texmf-dist/tex/generic/tex4ht/unicode.4ht
version 2019-12-28-14:40
)
(/usr/local/texlive/2020/texmf-dist/tex/generic/tex4ht/html4-math.4ht
version 2020-03-06-15:07
)
(/usr/local/texlive/2020/texmf-dist/tex/generic/tex4ht/html5.4ht
version 2019-11-21-13:36
--------------------------------------
--- Note --- To print a timestamp, use the command line option timestamp
--------------------------------------
)
\:tokwrite=\toks38
\:tokpage=\toks39
--------------------------------------
--- Note --- for back links to toc, use the command line option `sections+'
--------------------------------------
--------------------------------------
--- Note --- for linear crosslinks of pages, use the command line option `next'

--------------------------------------
\openout15 = `Gradient_Descent.4ct'.

\:tocout=\write4
\openout4 = `Gradient_Descent.4tc'.


(/usr/local/texlive/2020/texmf-dist/tex/generic/tex4ht/html4.4ht
version 2020-03-16-10:43
)
(/usr/local/texlive/2020/texmf-dist/tex/generic/tex4ht/unicode.4ht
version 2019-12-28-14:40
)
(/usr/local/texlive/2020/texmf-dist/tex/generic/tex4ht/html4-math.4ht
version 2020-03-06-15:07
)
(/usr/local/texlive/2020/texmf-dist/tex/generic/tex4ht/html5.4ht
version 2019-11-21-13:36
)
(/usr/local/texlive/2020/texmf-dist/tex/generic/tex4ht/latex.4ht
version 2020-02-26-14:25
LaTeX Info: Redefining \_ on input line 168.
--------------------------------------
--- Note --- for links into captions, instead of float heads, use the command l
ine option `refcaption'
--------------------------------------

(/usr/local/texlive/2020/texmf-dist/tex/generic/tex4ht/html4.4ht
version 2020-03-16-10:43
)
(/usr/local/texlive/2020/texmf-dist/tex/generic/tex4ht/unicode.4ht
version 2019-12-28-14:40
)
(/usr/local/texlive/2020/texmf-dist/tex/generic/tex4ht/html4-math.4ht
version 2020-03-06-15:07
)
(/usr/local/texlive/2020/texmf-dist/tex/generic/tex4ht/html5.4ht
version 2019-11-21-13:36
)
(/usr/local/texlive/2020/texmf-dist/tex/generic/tex4ht/html4.4ht
version 2020-03-16-10:43
--------------------------------------
--- Note --- For mini tocs immediately aftter the header use the command line o
ption `minitoc<'
--------------------------------------
--------------------------------------
--- Note --- for enumerated list elements with valued data, use the command lin
e option `enumerate+'
--------------------------------------
--------------------------------------
--- Note --- for enumerated list elements li's with value attributes, use the c
ommand line option `enumerate-'
--------------------------------------
--------------------------------------
--- Note --- for CSS2 code, use the command line option `css2'
--------------------------------------
--------------------------------------
--- Note --- for pictorial tabular, use the command line option `pic-tabular'
--------------------------------------
--------------------------------------
--- Note --- for bitmap fbox'es, use the command line option `pic-fbox'
--------------------------------------
--------------------------------------
--- Note --- for bitmap framebox'es, use the command line option `pic-framebox'

--------------------------------------
--------------------------------------
--- Note --- for inline footnotes use command line option `fn-in'
--------------------------------------
--------------------------------------
--- Note --- for tracing of latex font commands, use the command line option `f
onts'
--------------------------------------
--------------------------------------
--- Note --- for width specifications of tabular p entries, use the `p-width' c
ommand line option or a configuration similar to \Configure{HColWidth}{\HCode{ 
style="width:\HColWidth"}}
--------------------------------------
)
(/usr/local/texlive/2020/texmf-dist/tex/generic/tex4ht/unicode.4ht
version 2019-12-28-14:40
)
(/usr/local/texlive/2020/texmf-dist/tex/generic/tex4ht/html4-math.4ht
version 2020-03-06-15:07
--------------------------------------
--- Note --- for pictorial eqnarray, use the command line option `pic-eqnarray'

--------------------------------------
--------------------------------------
--- Note --- for pictorial array, use the command line option `pic-array'
--------------------------------------
--------------------------------------
--- Note --- for pictorial $...$ environments, use the command line option `pic
-m' (not recommended!!)
--------------------------------------
--------------------------------------
--- Note --- for pictorial $...$ and $$...$$ environments with latex alt, use t
he command line option `pic-m+' (not safe!!)
--------------------------------------
--------------------------------------
--- Note --- for pictorial array, use the command line option `pic-array'
--------------------------------------
)
(/usr/local/texlive/2020/texmf-dist/tex/generic/tex4ht/html5.4ht
version 2019-11-21-13:36
))
(/usr/local/texlive/2020/texmf-dist/tex/generic/tex4ht/fontmath.4ht
version 2018-11-06-15:55

(/usr/local/texlive/2020/texmf-dist/tex/generic/tex4ht/html4.4ht
version 2020-03-16-10:43
)
(/usr/local/texlive/2020/texmf-dist/tex/generic/tex4ht/unicode.4ht
version 2019-12-28-14:40
)
(/usr/local/texlive/2020/texmf-dist/tex/generic/tex4ht/html4-math.4ht
version 2020-03-06-15:07
)
(/usr/local/texlive/2020/texmf-dist/tex/generic/tex4ht/html5.4ht
version 2019-11-21-13:36
))
(/usr/local/texlive/2020/texmf-dist/tex/generic/tex4ht/article.4ht
(/usr/local/texlive/2020/texmf-dist/tex/generic/tex4ht/html4.4ht
version 2020-03-16-10:43
--------------------------------------
--- Note --- for automatic sectioning pagination, use the command line option `
1', `2', `3', '4', '5', '6', or '7'
--------------------------------------
--------------------------------------
--- Note --- for files named derived from section titles, use the command line 
option `sec-filename'
--------------------------------------
--------------------------------------
--- Note --- for i-columns index, use the command line option `index=i' (e.g., 
index=2)
--------------------------------------
)
(/usr/local/texlive/2020/texmf-dist/tex/generic/tex4ht/unicode.4ht
version 2019-12-28-14:40
)
(/usr/local/texlive/2020/texmf-dist/tex/generic/tex4ht/html4-math.4ht
version 2020-03-06-15:07
)
(/usr/local/texlive/2020/texmf-dist/tex/generic/tex4ht/html5.4ht
version 2019-11-21-13:36
))
(/usr/local/texlive/2020/texmf-dist/tex/generic/tex4ht/amsmath.4ht
version 2019-12-29-14:17
\tmp:muskip=\muskip17

(/usr/local/texlive/2020/texmf-dist/tex/generic/tex4ht/html4.4ht
version 2020-03-16-10:43
)
(/usr/local/texlive/2020/texmf-dist/tex/generic/tex4ht/unicode.4ht
version 2019-12-28-14:40
)
(/usr/local/texlive/2020/texmf-dist/tex/generic/tex4ht/html4-math.4ht
version 2020-03-06-15:07
)
(/usr/local/texlive/2020/texmf-dist/tex/generic/tex4ht/html5.4ht
version 2019-11-21-13:36
))
(/usr/local/texlive/2020/texmf-dist/tex/generic/tex4ht/amstext.4ht
version 2009-05-21-09:32

(/usr/local/texlive/2020/texmf-dist/tex/generic/tex4ht/html4.4ht
version 2020-03-16-10:43
)
(/usr/local/texlive/2020/texmf-dist/tex/generic/tex4ht/unicode.4ht
version 2019-12-28-14:40
)
(/usr/local/texlive/2020/texmf-dist/tex/generic/tex4ht/html4-math.4ht
version 2020-03-06-15:07
)
(/usr/local/texlive/2020/texmf-dist/tex/generic/tex4ht/html5.4ht
version 2019-11-21-13:36
))
(/usr/local/texlive/2020/texmf-dist/tex/generic/tex4ht/amsbsy.4ht
version 2009-05-21-09:32

(/usr/local/texlive/2020/texmf-dist/tex/generic/tex4ht/html4.4ht
version 2020-03-16-10:43
)
(/usr/local/texlive/2020/texmf-dist/tex/generic/tex4ht/unicode.4ht
version 2019-12-28-14:40
)
(/usr/local/texlive/2020/texmf-dist/tex/generic/tex4ht/html4-math.4ht
version 2020-03-06-15:07
)
(/usr/local/texlive/2020/texmf-dist/tex/generic/tex4ht/html5.4ht
version 2019-11-21-13:36
))
(/usr/local/texlive/2020/texmf-dist/tex/generic/tex4ht/amsopn.4ht
version 2009-05-21-09:32

(/usr/local/texlive/2020/texmf-dist/tex/generic/tex4ht/html4.4ht
version 2020-03-16-10:43
)
(/usr/local/texlive/2020/texmf-dist/tex/generic/tex4ht/unicode.4ht
version 2019-12-28-14:40
)
(/usr/local/texlive/2020/texmf-dist/tex/generic/tex4ht/html4-math.4ht
version 2020-03-06-15:07
)
(/usr/local/texlive/2020/texmf-dist/tex/generic/tex4ht/html5.4ht
version 2019-11-21-13:36
))
(/usr/local/texlive/2020/texmf-dist/tex/generic/tex4ht/amssymb.4ht
version 2009-05-21-09:32

(/usr/local/texlive/2020/texmf-dist/tex/generic/tex4ht/html4.4ht
version 2020-03-16-10:43
)
(/usr/local/texlive/2020/texmf-dist/tex/generic/tex4ht/unicode.4ht
version 2019-12-28-14:40
)
(/usr/local/texlive/2020/texmf-dist/tex/generic/tex4ht/html4-math.4ht
version 2020-03-06-15:07
)
(/usr/local/texlive/2020/texmf-dist/tex/generic/tex4ht/html5.4ht
version 2019-11-21-13:36
))
(/usr/local/texlive/2020/texmf-dist/tex/generic/tex4ht/amsfonts.4ht
version 2009-05-21-09:32

(/usr/local/texlive/2020/texmf-dist/tex/generic/tex4ht/html4.4ht
version 2020-03-16-10:43
)
(/usr/local/texlive/2020/texmf-dist/tex/generic/tex4ht/unicode.4ht
version 2019-12-28-14:40
)
(/usr/local/texlive/2020/texmf-dist/tex/generic/tex4ht/html4-math.4ht
version 2020-03-06-15:07
)
(/usr/local/texlive/2020/texmf-dist/tex/generic/tex4ht/html5.4ht
version 2019-11-21-13:36
))
(/usr/local/texlive/2020/texmf-dist/tex/generic/tex4ht/amsthm.4ht
version 2009-05-21-09:32

(/usr/local/texlive/2020/texmf-dist/tex/generic/tex4ht/html4.4ht
version 2020-03-16-10:43
)
(/usr/local/texlive/2020/texmf-dist/tex/generic/tex4ht/unicode.4ht
version 2019-12-28-14:40
)
(/usr/local/texlive/2020/texmf-dist/tex/generic/tex4ht/html4-math.4ht
version 2020-03-06-15:07
)
(/usr/local/texlive/2020/texmf-dist/tex/generic/tex4ht/html5.4ht
version 2019-11-21-13:36
))
(/usr/local/texlive/2020/texmf-dist/tex/generic/tex4ht/enumitem.4ht
version 2009-05-21-09:32

(/usr/local/texlive/2020/texmf-dist/tex/generic/tex4ht/html4.4ht
version 2020-03-16-10:43
)
(/usr/local/texlive/2020/texmf-dist/tex/generic/tex4ht/unicode.4ht
version 2019-12-28-14:40
)
(/usr/local/texlive/2020/texmf-dist/tex/generic/tex4ht/html4-math.4ht
version 2020-03-06-15:07
)
(/usr/local/texlive/2020/texmf-dist/tex/generic/tex4ht/html5.4ht
version 2019-11-21-13:36
))
(/usr/local/texlive/2020/texmf-dist/tex/generic/tex4ht/multicol.4ht
(/usr/local/texlive/2020/texmf-dist/tex/generic/tex4ht/html4.4ht
version 2020-03-16-10:43
)
(/usr/local/texlive/2020/texmf-dist/tex/generic/tex4ht/unicode.4ht
version 2019-12-28-14:40
)
(/usr/local/texlive/2020/texmf-dist/tex/generic/tex4ht/html4-math.4ht
version 2020-03-06-15:07
)
(/usr/local/texlive/2020/texmf-dist/tex/generic/tex4ht/html5.4ht
version 2019-11-21-13:36
))
(/usr/local/texlive/2020/texmf-dist/tex/generic/tex4ht/color.4ht
(/usr/local/texlive/2020/texmf-dist/tex/generic/tex4ht/html4.4ht
version 2020-03-16-10:43
)
(/usr/local/texlive/2020/texmf-dist/tex/generic/tex4ht/unicode.4ht
version 2019-12-28-14:40
)
(/usr/local/texlive/2020/texmf-dist/tex/generic/tex4ht/html4-math.4ht
version 2020-03-06-15:07
)
(/usr/local/texlive/2020/texmf-dist/tex/generic/tex4ht/html5.4ht
version 2019-11-21-13:36
))
(/usr/local/texlive/2020/texmf-dist/tex/generic/tex4ht/dvips.4ht
version 2009-05-21-09:32

(/usr/local/texlive/2020/texmf-dist/tex/generic/tex4ht/html4.4ht
version 2020-03-16-10:43
)
(/usr/local/texlive/2020/texmf-dist/tex/generic/tex4ht/unicode.4ht
version 2019-12-28-14:40
)
(/usr/local/texlive/2020/texmf-dist/tex/generic/tex4ht/html4-math.4ht
version 2020-03-06-15:07
)
(/usr/local/texlive/2020/texmf-dist/tex/generic/tex4ht/html5.4ht
version 2019-11-21-13:36
))
(/usr/local/texlive/2020/texmf-dist/tex/generic/tex4ht/dvipsnam.4ht
version 2009-05-21-09:32

(/usr/local/texlive/2020/texmf-dist/tex/latex/graphics/dvipsnam.def)
(/usr/local/texlive/2020/texmf-dist/tex/generic/tex4ht/html4.4ht
version 2020-03-16-10:43
)
(/usr/local/texlive/2020/texmf-dist/tex/generic/tex4ht/unicode.4ht
version 2019-12-28-14:40
)
(/usr/local/texlive/2020/texmf-dist/tex/generic/tex4ht/html4-math.4ht
version 2020-03-06-15:07
)
(/usr/local/texlive/2020/texmf-dist/tex/generic/tex4ht/html5.4ht
version 2019-11-21-13:36
))
(/usr/local/texlive/2020/texmf-dist/tex/generic/tex4ht/soul.4ht
version 2009-05-21-09:32

(/usr/local/texlive/2020/texmf-dist/tex/generic/tex4ht/html4.4ht
version 2020-03-16-10:43
)
(/usr/local/texlive/2020/texmf-dist/tex/generic/tex4ht/unicode.4ht
version 2019-12-28-14:40
)
(/usr/local/texlive/2020/texmf-dist/tex/generic/tex4ht/html4-math.4ht
version 2020-03-06-15:07
)
(/usr/local/texlive/2020/texmf-dist/tex/generic/tex4ht/html5.4ht
version 2019-11-21-13:36
))
(/usr/local/texlive/2020/texmf-dist/tex/generic/tex4ht/geometry.4ht
version 2016-07-01-08:55

(/usr/local/texlive/2020/texmf-dist/tex/generic/tex4ht/html4.4ht
version 2020-03-16-10:43
)
(/usr/local/texlive/2020/texmf-dist/tex/generic/tex4ht/unicode.4ht
version 2019-12-28-14:40
)
(/usr/local/texlive/2020/texmf-dist/tex/generic/tex4ht/html4-math.4ht
version 2020-03-06-15:07
)
(/usr/local/texlive/2020/texmf-dist/tex/generic/tex4ht/html5.4ht
version 2019-11-21-13:36
))
(/usr/local/texlive/2020/texmf-dist/tex/generic/tex4ht/inputenc.4ht
version 2009-05-21-09:32

(/usr/local/texlive/2020/texmf-dist/tex/generic/tex4ht/html4.4ht
version 2020-03-16-10:43
)
(/usr/local/texlive/2020/texmf-dist/tex/generic/tex4ht/unicode.4ht
version 2019-12-28-14:40
)
(/usr/local/texlive/2020/texmf-dist/tex/generic/tex4ht/html4-math.4ht
version 2020-03-06-15:07
)
(/usr/local/texlive/2020/texmf-dist/tex/generic/tex4ht/html5.4ht
version 2019-11-21-13:36
))
(/usr/local/texlive/2020/texmf-dist/tex/generic/tex4ht/babel.4ht
(/usr/local/texlive/2020/texmf-dist/tex/generic/tex4ht/html4.4ht
version 2020-03-16-10:43
)
(/usr/local/texlive/2020/texmf-dist/tex/generic/tex4ht/unicode.4ht
version 2019-12-28-14:40
)
(/usr/local/texlive/2020/texmf-dist/tex/generic/tex4ht/html4-math.4ht
version 2020-03-06-15:07
)
(/usr/local/texlive/2020/texmf-dist/tex/generic/tex4ht/html5.4ht
version 2019-11-21-13:36
))
(/usr/local/texlive/2020/texmf-dist/tex/generic/tex4ht/english.4ht
version 2009-05-21-09:32

(/usr/local/texlive/2020/texmf-dist/tex/generic/tex4ht/html4.4ht
version 2020-03-16-10:43
)
(/usr/local/texlive/2020/texmf-dist/tex/generic/tex4ht/unicode.4ht
version 2019-12-28-14:40
)
(/usr/local/texlive/2020/texmf-dist/tex/generic/tex4ht/html4-math.4ht
version 2020-03-06-15:07
)
(/usr/local/texlive/2020/texmf-dist/tex/generic/tex4ht/html5.4ht
version 2019-11-21-13:36
))
(/usr/local/texlive/2020/texmf-dist/tex/generic/tex4ht/html4.4ht
version 2020-03-16-10:43
)
(/usr/local/texlive/2020/texmf-dist/tex/generic/tex4ht/unicode.4ht
version 2019-12-28-14:40
)
(/usr/local/texlive/2020/texmf-dist/tex/generic/tex4ht/html4-math.4ht
version 2020-03-06-15:07
)
(/usr/local/texlive/2020/texmf-dist/tex/generic/tex4ht/html5.4ht
version 2019-11-21-13:36
))
(/usr/local/texlive/2020/texmf-dist/tex/latex/l3backend/l3backend-dvips.def
File: l3backend-dvips.def 2020-03-12 L3 backend support: dvips
\l__pdf_internal_box=\box94
\g__pdf_backend_object_int=\count271
\l__pdf_backend_content_box=\box95
\l__pdf_backend_model_box=\box96
\g__pdf_backend_annotation_int=\count272
\g__pdf_backend_link_int=\count273
\g__pdf_backend_link_sf_int=\count274
)
(./Gradient_Descent.aux)
\openout1 = `Gradient_Descent.aux'.

LaTeX Font Info:    Checking defaults for OML/cmm/m/it on input line 28.
LaTeX Font Info:    ... okay on input line 28.
LaTeX Font Info:    Checking defaults for OMS/cmsy/m/n on input line 28.
LaTeX Font Info:    ... okay on input line 28.
LaTeX Font Info:    Checking defaults for OT1/cmr/m/n on input line 28.
LaTeX Font Info:    ... okay on input line 28.
LaTeX Font Info:    Checking defaults for T1/cmr/m/n on input line 28.
LaTeX Font Info:    ... okay on input line 28.
LaTeX Font Info:    Checking defaults for TS1/cmr/m/n on input line 28.
LaTeX Font Info:    ... okay on input line 28.
LaTeX Font Info:    Checking defaults for OMX/cmex/m/n on input line 28.
LaTeX Font Info:    ... okay on input line 28.
LaTeX Font Info:    Checking defaults for U/cmr/m/n on input line 28.
LaTeX Font Info:    ... okay on input line 28.

*geometry* driver: auto-detecting
*geometry* detected driver: dvips
*geometry* verbose mode - [ preamble ] result:
* driver: dvips
* paper: a4paper
* layout: <same size as paper>
* layoutoffset:(h,v)=(0.0pt,0.0pt)
* modes: 
* h-part:(L,W,R)=(89.62709pt, 418.25368pt, 89.6271pt)
* v-part:(T,H,B)=(101.40665pt, 591.5302pt, 152.11pt)
* \paperwidth=597.50787pt
* \paperheight=845.04684pt
* \textwidth=418.25368pt
* \textheight=591.5302pt
* \oddsidemargin=0.0pt
* \evensidemargin=0.0pt
* \topmargin=-7.86334pt
* \headheight=12.0pt
* \headsep=25.0pt
* \topskip=10.0pt
* \footskip=30.0pt
* \marginparwidth=65.0pt
* \marginparsep=11.0pt
* \columnsep=10.0pt
* \skip\footins=9.0pt plus 4.0pt minus 2.0pt
* \hoffset=0.0pt
* \voffset=0.0pt
* \mag=1000
* \@twocolumnfalse
* \@twosidefalse
* \@mparswitchfalse
* \@reversemarginfalse
* (1in=72.27pt=25.4mm, 1cm=28.453pt)

--- file Gradient_Descent.css ---
[1

] [2]
LaTeX Font Info:    Trying to load font information for U+msa on input line 30.

 (/usr/local/texlive/2020/texmf-dist/tex/latex/amsfonts/umsa.fd
File: umsa.fd 2013/01/14 v3.01 AMS symbols A
)
LaTeX Font Info:    Trying to load font information for U+msb on input line 30.


(/usr/local/texlive/2020/texmf-dist/tex/latex/amsfonts/umsb.fd
File: umsb.fd 2013/01/14 v3.01 AMS symbols B
)
l. 37 Writing Gradient_Descent.idv[1] (Gradient_Descent0x.png)
 [3]
l. 53 Writing Gradient_Descent.idv[2] (Gradient_Descent1x.png)
l. 56 Writing Gradient_Descent.idv[3] (Gradient_Descent2x.png)
 [4]
[5] (./Gradient_Descent.aux) ) 
Here is how much of TeX's memory you used:
 8230 strings out of 480609
 110390 string characters out of 5903657
 493985 words of memory out of 5000000
 23825 multiletter control sequences out of 15000+600000
 540994 words of font info for 58 fonts, out of 8000000 for 9000
 1141 hyphenation exceptions out of 8191
 36i,6n,45p,983b,506s stack positions out of 5000i,500n,10000p,200000b,80000s

Output written on Gradient_Descent.dvi (5 pages, 19684 bytes).
